<?xml version="1.0" encoding="UTF-8"?>
<!-- Generated by org.testng.reporters.JUnitXMLReporter -->
<testsuite ignored="7" hostname="Ajinkyas-MacBook-Air.local" failures="0" tests="1" name="Default test" time="2.733" errors="0" timestamp="2024-11-12T17:07:13 MST">
  <testcase classname="com.sep.Day2.GetData" name="testDeleteRepository" time="2.671"/>
  <testcase classname="com.sep.Day2.GetData" name="testGetNonExistingRepository" time="0.0">
    <ignored/>
  </testcase> <!-- testGetNonExistingRepository -->
  <testcase classname="com.sep.Day2.GetData" name="testGetSingleRepository" time="0.0">
    <ignored/>
  </testcase> <!-- testGetSingleRepository -->
  <testcase classname="com.sep.Day2.GetData" name="testDeleteNonExistingRepository" time="0.0">
    <ignored/>
  </testcase> <!-- testDeleteNonExistingRepository -->
  <testcase classname="com.sep.Day2.GetData" name="testUpdateRepositoryName" time="0.0">
    <ignored/>
  </testcase> <!-- testUpdateRepositoryName -->
  <testcase classname="com.sep.Day2.GetData" name="testCreateRepository" time="0.0">
    <ignored/>
  </testcase> <!-- testCreateRepository -->
  <testcase classname="com.sep.Day2.GetData" name="testCreateRepositoryWithExistingName" time="0.0">
    <ignored/>
  </testcase> <!-- testCreateRepositoryWithExistingName -->
  <testcase classname="com.sep.Day2.GetData" name="testGetAllRepositories" time="0.0">
    <ignored/>
  </testcase> <!-- testGetAllRepositories -->
</testsuite> <!-- Default test -->
