<?xml version="1.0" encoding="UTF-8"?>
<testng-results ignored="7" total="8" passed="1" failed="0" skipped="0">
  <reporter-output>
  </reporter-output>
  <suite started-at="2024-11-12T17:07:10 MST" name="Default suite" finished-at="2024-11-12T17:07:13 MST" duration-ms="2733">
    <groups>
    </groups>
    <test started-at="2024-11-12T17:07:10 MST" name="Default test" finished-at="2024-11-12T17:07:13 MST" duration-ms="2733">
      <class name="com.sep.Day2.GetData">
        <test-method is-config="true" signature="Syso()[pri:0, instance:com.sep.Day2.GetData@408613cc]" started-at="2024-11-12T17:07:10 MST" name="Syso" finished-at="2024-11-12T17:07:10 MST" duration-ms="7" status="PASS">
          <reporter-output>
          </reporter-output>
        </test-method> <!-- Syso -->
        <test-method signature="testDeleteRepository()[pri:7, instance:com.sep.Day2.GetData@408613cc]" started-at="2024-11-12T17:07:10 MST" name="testDeleteRepository" finished-at="2024-11-12T17:07:13 MST" duration-ms="2671" status="PASS">
          <reporter-output>
          </reporter-output>
        </test-method> <!-- testDeleteRepository -->
      </class> <!-- com.sep.Day2.GetData -->
    </test> <!-- Default test -->
  </suite> <!-- Default suite -->
</testng-results>
